<?xml version="1.0" encoding="UTF-8"?>
<!-- Generated by org.testng.reporters.JUnitReportReporter -->
<testsuite skipped="0" hostname="LIN60015531" name="qaclickacademy.Test1" tests="2" failures="0" timestamp="2020-03-19T14:35:14 IST" time="0.012" errors="0">
  <testcase name="Selenium" time="0.001" classname="qaclickacademy.Test1"/>
  <testcase name="Loadrunner" time="0.011" classname="qaclickacademy.Test1"/>
</testsuite> <!-- qaclickacademy.Test1 -->
