<?xml version="1.0" encoding="UTF-8"?>
<!-- Generated by org.testng.reporters.JUnitReportReporter -->
<testsuite skipped="0" hostname="LIN60015531" name="qaclickacademy.Day1Test" tests="2" failures="0" timestamp="2020-03-20T02:13:07 IST" time="0.002" errors="0">
  <testcase name="Loadrunner" time="0.001" classname="qaclickacademy.Day1Test"/>
  <testcase name="Selenium" time="0.001" classname="qaclickacademy.Day1Test"/>
</testsuite> <!-- qaclickacademy.Day1Test -->
