<?xml version="1.0" encoding="UTF-8"?>
<!-- Generated by org.testng.reporters.JUnitReportReporter -->
<testsuite skipped="0" hostname="LIN60015531" name="qaclickacademy.Day2Test" tests="2" failures="0" timestamp="2020-03-20T02:13:07 IST" time="0.010" errors="0">
  <testcase name="Wordpad" time="0.001" classname="qaclickacademy.Day2Test"/>
  <testcase name="Notepad" time="0.009" classname="qaclickacademy.Day2Test"/>
</testsuite> <!-- qaclickacademy.Day2Test -->
