<?xml version="1.0" encoding="UTF-8"?>
<!-- Generated by org.testng.reporters.JUnitReportReporter -->
<testsuite skipped="0" hostname="LIN60015531" name="qaclickacademy.Day3Test" tests="2" failures="0" timestamp="2020-03-20T02:12:48 IST" time="0.009" errors="0">
  <testcase name="FireFox" time="0.008" classname="qaclickacademy.Day3Test"/>
  <testcase name="Opera" time="0.001" classname="qaclickacademy.Day3Test"/>
</testsuite> <!-- qaclickacademy.Day3Test -->
